{"numTotalTestSuites":22,"numPassedTestSuites":20,"numFailedTestSuites":2,"numPendingTestSuites":6,"numTotalTests":37,"numPassedTests":35,"numFailedTests":2,"numPendingTests":2,"numTodoTests":0,"startTime":1761442238329,"success":false,"testResults":[{"assertionResults":[],"startTime":1761442238329,"endTime":1761442238329,"status":"passed","message":"","name":"C:/Users/oj/Desktop/Oliver-OS V00.2/oliver-os/src/tests/smart-assistance/algorithm-tests.test.ts"},{"assertionResults":[],"startTime":1761442238329,"endTime":1761442238329,"status":"failed","message":"Failed to load url ../../examples/smart-assistance-example (resolved id: ../../examples/smart-assistance-example) in C:/Users/oj/Desktop/Oliver-OS V00.2/oliver-os/src/tests/smart-assistance/edge-case-tests.test.ts. Does the file exist?","name":"C:/Users/oj/Desktop/Oliver-OS V00.2/oliver-os/src/tests/smart-assistance/edge-case-tests.test.ts"},{"assertionResults":[{"ancestorTitles":["","Smart Assistance Integration Tests","Complete Smart Assistance Workflow"],"fullName":" Smart Assistance Integration Tests Complete Smart Assistance Workflow should analyze code and provide suggestions","status":"passed","title":"should analyze code and provide suggestions","duration":4279,"failureMessages":[]},{"ancestorTitles":["","Smart Assistance Integration Tests","Complete Smart Assistance Workflow"],"fullName":" Smart Assistance Integration Tests Complete Smart Assistance Workflow should generate refactoring suggestions","status":"passed","title":"should generate refactoring suggestions","duration":876,"failureMessages":[]},{"ancestorTitles":["","Smart Assistance Integration Tests","Complete Smart Assistance Workflow"],"fullName":" Smart Assistance Integration Tests Complete Smart Assistance Workflow should perform quality analysis","status":"pending","title":"should perform quality analysis","failureMessages":["Test timed out in 30000ms.\nIf this is a long-running test, pass a timeout value as the last argument or configure it globally with \"testTimeout\".","Test timed out in 30000ms.\nIf this is a long-running test, pass a timeout value as the last argument or configure it globally with \"testTimeout\"."]},{"ancestorTitles":["","Smart Assistance Integration Tests","Complete Smart Assistance Workflow"],"fullName":" Smart Assistance Integration Tests Complete Smart Assistance Workflow should analyze performance","status":"pending","title":"should analyze performance","failureMessages":[]},{"ancestorTitles":["","Smart Assistance Integration Tests","Memory and Learning Integration"],"fullName":" Smart Assistance Integration Tests Memory and Learning Integration should learn from user feedback","status":"pending","title":"should learn from user feedback","failureMessages":[]},{"ancestorTitles":["","Smart Assistance Integration Tests","Memory and Learning Integration"],"fullName":" Smart Assistance Integration Tests Memory and Learning Integration should improve suggestions over time","status":"pending","title":"should improve suggestions over time","failureMessages":[]},{"ancestorTitles":["","Smart Assistance Integration Tests","Safety Features Integration"],"fullName":" Smart Assistance Integration Tests Safety Features Integration should preview changes before applying","status":"pending","title":"should preview changes before applying","failureMessages":[]},{"ancestorTitles":["","Smart Assistance Integration Tests","Safety Features Integration"],"fullName":" Smart Assistance Integration Tests Safety Features Integration should create backups before changes","status":"pending","title":"should create backups before changes","failureMessages":[]},{"ancestorTitles":["","Smart Assistance Integration Tests","Safety Features Integration"],"fullName":" Smart Assistance Integration Tests Safety Features Integration should allow rollback after changes","status":"pending","title":"should allow rollback after changes","failureMessages":[]},{"ancestorTitles":["","Smart Assistance Integration Tests","Multi-File Analysis"],"fullName":" Smart Assistance Integration Tests Multi-File Analysis should analyze multiple files in sequence","status":"pending","title":"should analyze multiple files in sequence","failureMessages":[]},{"ancestorTitles":["","Smart Assistance Integration Tests","Multi-File Analysis"],"fullName":" Smart Assistance Integration Tests Multi-File Analysis should maintain context across multiple files","status":"pending","title":"should maintain context across multiple files","failureMessages":[]},{"ancestorTitles":["","Smart Assistance Integration Tests","Error Handling and Recovery"],"fullName":" Smart Assistance Integration Tests Error Handling and Recovery should handle file not found errors gracefully","status":"pending","title":"should handle file not found errors gracefully","failureMessages":[]},{"ancestorTitles":["","Smart Assistance Integration Tests","Error Handling and Recovery"],"fullName":" Smart Assistance Integration Tests Error Handling and Recovery should recover from service failures","status":"pending","title":"should recover from service failures","failureMessages":[]},{"ancestorTitles":["","Smart Assistance Integration Tests","Error Handling and Recovery"],"fullName":" Smart Assistance Integration Tests Error Handling and Recovery should handle malformed configuration gracefully","status":"pending","title":"should handle malformed configuration gracefully","failureMessages":[]},{"ancestorTitles":["","Smart Assistance Integration Tests","Performance and Scalability"],"fullName":" Smart Assistance Integration Tests Performance and Scalability should handle large codebases efficiently","status":"pending","title":"should handle large codebases efficiently","failureMessages":[]},{"ancestorTitles":["","Smart Assistance Integration Tests","Performance and Scalability"],"fullName":" Smart Assistance Integration Tests Performance and Scalability should maintain performance under load","status":"pending","title":"should maintain performance under load","failureMessages":[]},{"ancestorTitles":["","Smart Assistance Integration Tests","Configuration and Customization"],"fullName":" Smart Assistance Integration Tests Configuration and Customization should respect quality thresholds","status":"pending","title":"should respect quality thresholds","failureMessages":[]},{"ancestorTitles":["","Smart Assistance Integration Tests","Configuration and Customization"],"fullName":" Smart Assistance Integration Tests Configuration and Customization should adapt to user preferences","status":"pending","title":"should adapt to user preferences","failureMessages":[]}],"startTime":1761442244021,"endTime":1761442249177,"status":"passed","message":"","name":"C:/Users/oj/Desktop/Oliver-OS V00.2/oliver-os/src/tests/smart-assistance/integration-tests.test.ts"},{"assertionResults":[{"ancestorTitles":["","Smart Assistance Performance Tests","Code Analysis Performance"],"fullName":" Smart Assistance Performance Tests Code Analysis Performance should analyze small files quickly (< 100ms)","status":"failed","title":"should analyze small files quickly (< 100ms)","duration":7366,"failureMessages":["expected 1302.6666000000005 to be less than 100","expected 992.4454999999998 to be less than 100","expected 954.6232 to be less than 100"],"location":{"line":48,"column":24}},{"ancestorTitles":["","Smart Assistance Performance Tests","Code Analysis Performance"],"fullName":" Smart Assistance Performance Tests Code Analysis Performance should analyze medium files efficiently (< 1s)","status":"failed","title":"should analyze medium files efficiently (< 1s)","duration":5604,"failureMessages":["expected 1137.3203000000012 to be less than 1000","expected 1316.4920999999995 to be less than 1000","expected 1104.2042000000001 to be less than 1000"],"location":{"line":58,"column":24}},{"ancestorTitles":["","Smart Assistance Performance Tests","Code Analysis Performance"],"fullName":" Smart Assistance Performance Tests Code Analysis Performance should handle large files within reasonable time (< 5s)","status":"passed","title":"should handle large files within reasonable time (< 5s)","duration":2110,"failureMessages":[]},{"ancestorTitles":["","Smart Assistance Performance Tests","Code Analysis Performance"],"fullName":" Smart Assistance Performance Tests Code Analysis Performance should scale linearly with file size","status":"passed","title":"should scale linearly with file size","duration":5979,"failureMessages":[]},{"ancestorTitles":["","Smart Assistance Performance Tests","Memory Usage Tests"],"fullName":" Smart Assistance Performance Tests Memory Usage Tests should not leak memory during single analysis","status":"passed","title":"should not leak memory during single analysis","duration":931,"failureMessages":[]},{"ancestorTitles":["","Smart Assistance Performance Tests","Memory Usage Tests"],"fullName":" Smart Assistance Performance Tests Memory Usage Tests should not leak memory during multiple analyses","status":"pending","title":"should not leak memory during multiple analyses","failureMessages":["Test timed out in 30000ms.\nIf this is a long-running test, pass a timeout value as the last argument or configure it globally with \"testTimeout\"."]},{"ancestorTitles":["","Smart Assistance Performance Tests","Memory Usage Tests"],"fullName":" Smart Assistance Performance Tests Memory Usage Tests should handle memory pressure gracefully","status":"pending","title":"should handle memory pressure gracefully","failureMessages":[]},{"ancestorTitles":["","Smart Assistance Performance Tests","Concurrent Processing Performance"],"fullName":" Smart Assistance Performance Tests Concurrent Processing Performance should handle concurrent analyses efficiently","status":"pending","title":"should handle concurrent analyses efficiently","failureMessages":[]},{"ancestorTitles":["","Smart Assistance Performance Tests","Concurrent Processing Performance"],"fullName":" Smart Assistance Performance Tests Concurrent Processing Performance should maintain performance under high concurrency","status":"pending","title":"should maintain performance under high concurrency","failureMessages":[]},{"ancestorTitles":["","Smart Assistance Performance Tests","Learning Algorithm Performance"],"fullName":" Smart Assistance Performance Tests Learning Algorithm Performance should learn patterns quickly","status":"pending","title":"should learn patterns quickly","failureMessages":[]},{"ancestorTitles":["","Smart Assistance Performance Tests","Learning Algorithm Performance"],"fullName":" Smart Assistance Performance Tests Learning Algorithm Performance should maintain performance with large pattern databases","status":"pending","title":"should maintain performance with large pattern databases","failureMessages":[]},{"ancestorTitles":["","Smart Assistance Performance Tests","Suggestion Engine Performance"],"fullName":" Smart Assistance Performance Tests Suggestion Engine Performance should generate suggestions quickly","status":"pending","title":"should generate suggestions quickly","failureMessages":[]},{"ancestorTitles":["","Smart Assistance Performance Tests","Suggestion Engine Performance"],"fullName":" Smart Assistance Performance Tests Suggestion Engine Performance should handle context switching efficiently","status":"pending","title":"should handle context switching efficiently","failureMessages":[]},{"ancestorTitles":["","Smart Assistance Performance Tests","Quality Gate Performance"],"fullName":" Smart Assistance Performance Tests Quality Gate Performance should run quality checks quickly","status":"pending","title":"should run quality checks quickly","failureMessages":[]},{"ancestorTitles":["","Smart Assistance Performance Tests","Quality Gate Performance"],"fullName":" Smart Assistance Performance Tests Quality Gate Performance should handle multiple quality checks efficiently","status":"pending","title":"should handle multiple quality checks efficiently","failureMessages":[]},{"ancestorTitles":["","Smart Assistance Performance Tests","Memory Service Performance"],"fullName":" Smart Assistance Performance Tests Memory Service Performance should save memory data quickly","status":"pending","title":"should save memory data quickly","failureMessages":[]},{"ancestorTitles":["","Smart Assistance Performance Tests","Memory Service Performance"],"fullName":" Smart Assistance Performance Tests Memory Service Performance should load memory data quickly","status":"pending","title":"should load memory data quickly","failureMessages":[]},{"ancestorTitles":["","Smart Assistance Performance Tests","Stress Testing"],"fullName":" Smart Assistance Performance Tests Stress Testing should handle continuous operation","status":"pending","title":"should handle continuous operation","failureMessages":[]},{"ancestorTitles":["","Smart Assistance Performance Tests","Stress Testing"],"fullName":" Smart Assistance Performance Tests Stress Testing should recover from memory pressure","status":"pending","title":"should recover from memory pressure","failureMessages":[]}],"startTime":1761442243755,"endTime":1761442265748,"status":"failed","message":"","name":"C:/Users/oj/Desktop/Oliver-OS V00.2/oliver-os/src/tests/smart-assistance/performance-tests.test.ts"},{"assertionResults":[],"startTime":1761442238329,"endTime":1761442238329,"status":"failed","message":"Failed to load url ../../examples/smart-assistance-example (resolved id: ../../examples/smart-assistance-example) in C:/Users/oj/Desktop/Oliver-OS V00.2/oliver-os/src/tests/smart-assistance/edge-case-tests.test.ts. Does the file exist?","name":"C:/Users/oj/Desktop/Oliver-OS V00.2/oliver-os/src/tests/smart-assistance/quality-gates.test.ts"}]}