{"numTotalTestSuites":9,"numPassedTestSuites":9,"numFailedTestSuites":0,"numPendingTestSuites":0,"numTotalTests":18,"numPassedTests":18,"numFailedTests":0,"numPendingTests":0,"numTodoTests":0,"startTime":1761391491540,"success":true,"testResults":[{"assertionResults":[{"ancestorTitles":["","Smart Assistance Integration Tests","Complete Smart Assistance Workflow"],"fullName":" Smart Assistance Integration Tests Complete Smart Assistance Workflow should analyze code and provide suggestions","status":"passed","title":"should analyze code and provide suggestions","duration":466,"failureMessages":[]},{"ancestorTitles":["","Smart Assistance Integration Tests","Complete Smart Assistance Workflow"],"fullName":" Smart Assistance Integration Tests Complete Smart Assistance Workflow should generate refactoring suggestions","status":"passed","title":"should generate refactoring suggestions","duration":391,"failureMessages":[]},{"ancestorTitles":["","Smart Assistance Integration Tests","Complete Smart Assistance Workflow"],"fullName":" Smart Assistance Integration Tests Complete Smart Assistance Workflow should perform quality analysis","status":"passed","title":"should perform quality analysis","duration":52316,"failureMessages":["Test timed out in 30000ms.\nIf this is a long-running test, pass a timeout value as the last argument or configure it globally with \"testTimeout\"."]},{"ancestorTitles":["","Smart Assistance Integration Tests","Complete Smart Assistance Workflow"],"fullName":" Smart Assistance Integration Tests Complete Smart Assistance Workflow should analyze performance","status":"passed","title":"should analyze performance","duration":550,"failureMessages":[]},{"ancestorTitles":["","Smart Assistance Integration Tests","Memory and Learning Integration"],"fullName":" Smart Assistance Integration Tests Memory and Learning Integration should learn from user feedback","status":"passed","title":"should learn from user feedback","duration":381,"failureMessages":[]},{"ancestorTitles":["","Smart Assistance Integration Tests","Memory and Learning Integration"],"fullName":" Smart Assistance Integration Tests Memory and Learning Integration should improve suggestions over time","status":"passed","title":"should improve suggestions over time","duration":294,"failureMessages":[]},{"ancestorTitles":["","Smart Assistance Integration Tests","Safety Features Integration"],"fullName":" Smart Assistance Integration Tests Safety Features Integration should preview changes before applying","status":"passed","title":"should preview changes before applying","duration":372,"failureMessages":[]},{"ancestorTitles":["","Smart Assistance Integration Tests","Safety Features Integration"],"fullName":" Smart Assistance Integration Tests Safety Features Integration should create backups before changes","status":"passed","title":"should create backups before changes","duration":385,"failureMessages":[]},{"ancestorTitles":["","Smart Assistance Integration Tests","Safety Features Integration"],"fullName":" Smart Assistance Integration Tests Safety Features Integration should allow rollback after changes","status":"passed","title":"should allow rollback after changes","duration":347,"failureMessages":[]},{"ancestorTitles":["","Smart Assistance Integration Tests","Multi-File Analysis"],"fullName":" Smart Assistance Integration Tests Multi-File Analysis should analyze multiple files in sequence","status":"passed","title":"should analyze multiple files in sequence","duration":337,"failureMessages":[]},{"ancestorTitles":["","Smart Assistance Integration Tests","Multi-File Analysis"],"fullName":" Smart Assistance Integration Tests Multi-File Analysis should maintain context across multiple files","status":"passed","title":"should maintain context across multiple files","duration":397,"failureMessages":[]},{"ancestorTitles":["","Smart Assistance Integration Tests","Error Handling and Recovery"],"fullName":" Smart Assistance Integration Tests Error Handling and Recovery should handle file not found errors gracefully","status":"passed","title":"should handle file not found errors gracefully","duration":350,"failureMessages":[]},{"ancestorTitles":["","Smart Assistance Integration Tests","Error Handling and Recovery"],"fullName":" Smart Assistance Integration Tests Error Handling and Recovery should recover from service failures","status":"passed","title":"should recover from service failures","duration":413,"failureMessages":[]},{"ancestorTitles":["","Smart Assistance Integration Tests","Error Handling and Recovery"],"fullName":" Smart Assistance Integration Tests Error Handling and Recovery should handle malformed configuration gracefully","status":"passed","title":"should handle malformed configuration gracefully","duration":638,"failureMessages":[]},{"ancestorTitles":["","Smart Assistance Integration Tests","Performance and Scalability"],"fullName":" Smart Assistance Integration Tests Performance and Scalability should handle large codebases efficiently","status":"passed","title":"should handle large codebases efficiently","duration":549,"failureMessages":[]},{"ancestorTitles":["","Smart Assistance Integration Tests","Performance and Scalability"],"fullName":" Smart Assistance Integration Tests Performance and Scalability should maintain performance under load","status":"passed","title":"should maintain performance under load","duration":493,"failureMessages":[]},{"ancestorTitles":["","Smart Assistance Integration Tests","Configuration and Customization"],"fullName":" Smart Assistance Integration Tests Configuration and Customization should respect quality thresholds","status":"passed","title":"should respect quality thresholds","duration":425,"failureMessages":[]},{"ancestorTitles":["","Smart Assistance Integration Tests","Configuration and Customization"],"fullName":" Smart Assistance Integration Tests Configuration and Customization should adapt to user preferences","status":"passed","title":"should adapt to user preferences","duration":436,"failureMessages":[]}],"startTime":1761391494933,"endTime":1761391554474,"status":"passed","message":"","name":"C:/Users/oj/Desktop/Oliver-OS V00.2/oliver-os/src/tests/smart-assistance/integration-tests.test.ts"}]}